<?xml version="1.0" encoding="UTF-8"?>
<!-- Generated by org.testng.reporters.JUnitReportReporter -->
<testsuite hostname="DESKTOP-NOCRSF7" failures="0" tests="1" name="com.test.DynamicTest" time="49.165" errors="0" timestamp="03 Mar 2024 21:33:22 GMT" skipped="0">
  <testcase classname="com.test.DynamicTest" name="testDynamicContent" time="49.165"/>
</testsuite> <!-- com.test.DynamicTest -->
