<?xml version="1.0" encoding="UTF-8"?>
<!-- Generated by org.testng.reporters.JUnitReportReporter -->
<testsuite hostname="DESKTOP-NOCRSF7" failures="0" tests="1" name="com.test.FormValidation" time="42.218" errors="0" timestamp="03 Mar 2024 21:33:22 GMT" skipped="0">
  <testcase classname="com.test.FormValidation" name="testContactForm" time="42.218"/>
</testsuite> <!-- com.test.FormValidation -->
